<?xml version="1.0" encoding="UTF-8"?>
<!-- Generated by org.testng.reporters.JUnitReportReporter -->
<testsuite hostname="DESKTOP-FMTRJKM" failures="0" tests="1" name="restassured_Abhay.createprojectfill" time="7.024" errors="0" timestamp="2024-08-14T13:04:46 IST" skipped="0">
  <testcase classname="restassured_Abhay.createprojectfill" name="fillform" time="7.024"/>
  <system-out/>
</testsuite> <!-- restassured_Abhay.createprojectfill -->
