<?xml version="1.0" encoding="UTF-8"?>
<!-- Generated by org.testng.reporters.JUnitReportReporter -->
<testsuite hostname="DESKTOP-FMTRJKM" failures="0" tests="1" name="restassured_Abhay.status_copleted" time="17.088" errors="0" timestamp="2024-08-14T16:03:52 IST" skipped="0">
  <testcase classname="restassured_Abhay.status_copleted" name="updatestatus" time="17.088"/>
  <system-out/>
</testsuite> <!-- restassured_Abhay.status_copleted -->
